# JRE version: OpenJDK Runtime Environment Temurin-17.0.8.1+1 (17.0.8.1+1) (build 17.0.8.1+1)
# Java VM: OpenJDK 64-Bit Server VM Temurin-17.0.8.1+1 (17.0.8.1+1, mixed mode, emulated-client, tiered, compressed oops, compressed class ptrs, g1 gc, windows-amd64)
GC Precious Log:
 CPUs: 4 total, 4 available
 Memory: 8067M
 Large Page Support: Disabled
 NUMA Support: Disabled
 Compressed Oops: Enabled (32-bit)
 Heap Region Size: 1M
 Heap Min Capacity: 8M
 Heap Initial Capacity: 128M
 Heap Max Capacity: 2018M
 Pre-touch: Disabled
 Parallel Workers: 4
 Concurrent Workers: 1
 Concurrent Refinement Workers: 4
 Periodic GC: Disabled
Heap:
 garbage-first heap   total 37888K, used 17068K [0x0000000081e00000, 0x0000000100000000)
  region size 1024K, 9 young (9216K), 2 survivors (2048K)
 Metaspace       used 28189K, committed 28480K, reserved 1114112K
  class space    used 3260K, committed 3456K, reserved 1048576K
GC Heap History (18 events):
Event: 2.532 GC heap before
{Heap before GC invocations=0 (full 0):
 garbage-first heap   total 131072K, used 13312K [0x0000000081e00000, 0x0000000100000000)
  region size 1024K, 13 young (13312K), 0 survivors (0K)
 Metaspace       used 12567K, committed 12736K, reserved 1114112K
  class space    used 1217K, committed 1280K, reserved 1048576K
}
Event: 2.540 GC heap after
{Heap after GC invocations=1 (full 0):
 garbage-first heap   total 131072K, used 6244K [0x0000000081e00000, 0x0000000100000000)
  region size 1024K, 2 young (2048K), 2 survivors (2048K)
 Metaspace       used 12567K, committed 12736K, reserved 1114112K
  class space    used 1217K, committed 1280K, reserved 1048576K
}
Event: 3.266 GC heap before
{Heap before GC invocations=1 (full 0):
 garbage-first heap   total 131072K, used 16484K [0x0000000081e00000, 0x0000000100000000)
  region size 1024K, 12 young (12288K), 2 survivors (2048K)
 Metaspace       used 15873K, committed 16064K, reserved 1114112K
  class space    used 1605K, committed 1664K, reserved 1048576K
}
Event: 3.273 GC heap after
{Heap after GC invocations=2 (full 0):
 garbage-first heap   total 131072K, used 7225K [0x0000000081e00000, 0x0000000100000000)
  region size 1024K, 1 young (1024K), 1 survivors (1024K)
 Metaspace       used 15873K, committed 16064K, reserved 1114112K
  class space    used 1605K, committed 1664K, reserved 1048576K
}
Event: 4.002 GC heap before
{Heap before GC invocations=2 (full 0):
 garbage-first heap   total 131072K, used 32825K [0x0000000081e00000, 0x0000000100000000)
  region size 1024K, 27 young (27648K), 1 survivors (1024K)
 Metaspace       used 18630K, committed 18880K, reserved 1114112K
  class space    used 1973K, committed 2112K, reserved 1048576K
}
Event: 4.006 GC heap after
{Heap after GC invocations=3 (full 0):
 garbage-first heap   total 131072K, used 8252K [0x0000000081e00000, 0x0000000100000000)
  region size 1024K, 2 young (2048K), 2 survivors (2048K)
 Metaspace       used 18630K, committed 18880K, reserved 1114112K
  class space    used 1973K, committed 2112K, reserved 1048576K
}
Event: 4.936 GC heap before
{Heap before GC invocations=3 (full 0):
 garbage-first heap   total 131072K, used 35900K [0x0000000081e00000, 0x0000000100000000)
  region size 1024K, 30 young (30720K), 2 survivors (2048K)
 Metaspace       used 21256K, committed 21504K, reserved 1114112K
  class space    used 2374K, committed 2496K, reserved 1048576K
}
Event: 4.942 GC heap after
{Heap after GC invocations=4 (full 0):
 garbage-first heap   total 131072K, used 9373K [0x0000000081e00000, 0x0000000100000000)
  region size 1024K, 3 young (3072K), 3 survivors (3072K)
 Metaspace       used 21256K, committed 21504K, reserved 1114112K
  class space    used 2374K, committed 2496K, reserved 1048576K
}
Event: 5.625 GC heap before
{Heap before GC invocations=5 (full 0):
 garbage-first heap   total 37888K, used 28829K [0x0000000081e00000, 0x0000000100000000)
  region size 1024K, 22 young (22528K), 3 survivors (3072K)
 Metaspace       used 23000K, committed 23360K, reserved 1114112K
  class space    used 2632K, committed 2816K, reserved 1048576K
}
Event: 5.631 GC heap after
{Heap after GC invocations=6 (full 0):
 garbage-first heap   total 37888K, used 9682K [0x0000000081e00000, 0x0000000100000000)
  region size 1024K, 2 young (2048K), 2 survivors (2048K)
 Metaspace       used 23000K, committed 23360K, reserved 1114112K
  class space    used 2632K, committed 2816K, reserved 1048576K
}
Event: 5.642 GC heap before
{Heap before GC invocations=6 (full 0):
 garbage-first heap   total 37888K, used 10706K [0x0000000081e00000, 0x0000000100000000)
  region size 1024K, 3 young (3072K), 2 survivors (2048K)
 Metaspace       used 23127K, committed 23424K, reserved 1114112K
  class space    used 2642K, committed 2816K, reserved 1048576K
}
Event: 5.645 GC heap after
{Heap after GC invocations=7 (full 0):
 garbage-first heap   total 37888K, used 9756K [0x0000000081e00000, 0x0000000100000000)
  region size 1024K, 1 young (1024K), 1 survivors (1024K)
 Metaspace       used 23127K, committed 23424K, reserved 1114112K
  class space    used 2642K, committed 2816K, reserved 1048576K
}
Event: 6.109 GC heap before
{Heap before GC invocations=7 (full 0):
 garbage-first heap   total 37888K, used 25116K [0x0000000081e00000, 0x0000000100000000)
  region size 1024K, 17 young (17408K), 1 survivors (1024K)
 Metaspace       used 24540K, committed 24832K, reserved 1114112K
  class space    used 2802K, committed 2944K, reserved 1048576K
}
Event: 6.112 GC heap after
{Heap after GC invocations=8 (full 0):
 garbage-first heap   total 37888K, used 9983K [0x0000000081e00000, 0x0000000100000000)
  region size 1024K, 1 young (1024K), 1 survivors (1024K)
 Metaspace       used 24540K, committed 24832K, reserved 1114112K
  class space    used 2802K, committed 2944K, reserved 1048576K
}
Event: 6.479 GC heap before
{Heap before GC invocations=8 (full 0):
 garbage-first heap   total 37888K, used 26367K [0x0000000081e00000, 0x0000000100000000)
  region size 1024K, 18 young (18432K), 1 survivors (1024K)
 Metaspace       used 26316K, committed 26624K, reserved 1114112K
  class space    used 3002K, committed 3136K, reserved 1048576K
}
Event: 6.482 GC heap after
{Heap after GC invocations=9 (full 0):
 garbage-first heap   total 37888K, used 10688K [0x0000000081e00000, 0x0000000100000000)
  region size 1024K, 2 young (2048K), 2 survivors (2048K)
 Metaspace       used 26316K, committed 26624K, reserved 1114112K
  class space    used 3002K, committed 3136K, reserved 1048576K
}
Event: 7.154 GC heap before
{Heap before GC invocations=9 (full 0):
 garbage-first heap   total 37888K, used 26048K [0x0000000081e00000, 0x0000000100000000)
  region size 1024K, 19 young (19456K), 2 survivors (2048K)
 Metaspace       used 27722K, committed 27968K, reserved 1114112K
  class space    used 3188K, committed 3328K, reserved 1048576K
}
Event: 7.157 GC heap after
{Heap after GC invocations=10 (full 0):
 garbage-first heap   total 37888K, used 10924K [0x0000000081e00000, 0x0000000100000000)
  region size 1024K, 2 young (2048K), 2 survivors (2048K)
 Metaspace       used 27722K, committed 27968K, reserved 1114112K
  class space    used 3188K, committed 3328K, reserved 1048576K
}

